[0.286s] DEBUG:colcon:Command line arguments: ['/usr/bin/colcon', 'build']
[0.290s] DEBUG:colcon:Parsed command line arguments: Namespace(log_base=None, log_level=None, verb_name='build', build_base='build', install_base='install', merge_install=False, symlink_install=False, test_result_base=None, continue_on_error=False, executor='parallel', parallel_workers=8, event_handlers=None, ignore_user_meta=False, metas=['./colcon.meta'], base_paths=['.'], packages_ignore=None, packages_ignore_regex=None, paths=None, packages_up_to=None, packages_up_to_regex=None, packages_above=None, packages_above_and_dependencies=None, packages_above_depth=None, packages_select_by_dep=None, packages_skip_by_dep=None, packages_skip_up_to=None, packages_select_build_failed=False, packages_skip_build_finished=False, packages_select_test_failures=False, packages_skip_test_passed=False, packages_select=None, packages_skip=None, packages_select_regex=None, packages_skip_regex=None, packages_start=None, packages_end=None, cmake_args=None, cmake_target=None, cmake_target_skip_unavailable=False, cmake_clean_cache=False, cmake_clean_first=False, cmake_force_configure=False, ament_cmake_args=None, catkin_cmake_args=None, catkin_skip_building_tests=False, mixin_files=None, mixin=None, verb_parser=<colcon_mixin.mixin.mixin_argument.MixinArgumentDecorator object at 0x7ffffe2030a0>, verb_extension=<colcon_core.verb.build.BuildVerb object at 0x7ffffe3b4070>, main=<bound method BuildVerb.main of <colcon_core.verb.build.BuildVerb object at 0x7ffffe3b4070>>, mixin_verb=('build',))
[0.493s] Level 1:colcon.colcon_core.package_discovery:discover_packages(colcon_meta) check parameters
[0.496s] INFO:colcon.colcon_metadata.package_discovery.colcon_meta:Using configuration from '/root/.colcon/metadata/default/Gazebo.meta'
[0.499s] INFO:colcon.colcon_metadata.package_discovery.colcon_meta:Using configuration from '/root/.colcon/metadata/default/fastdds.meta'
[0.500s] INFO:colcon.colcon_metadata.package_discovery.colcon_meta:Using configuration from '/root/.colcon/metadata/default/fastrtps.meta'
[0.501s] Level 1:colcon.colcon_core.package_discovery:discover_packages(recursive) check parameters
[0.501s] Level 1:colcon.colcon_core.package_discovery:discover_packages(ignore) check parameters
[0.502s] Level 1:colcon.colcon_core.package_discovery:discover_packages(path) check parameters
[0.503s] Level 1:colcon.colcon_core.package_discovery:discover_packages(colcon_meta) discover
[0.504s] Level 1:colcon.colcon_core.package_discovery:discover_packages(recursive) discover
[0.504s] INFO:colcon.colcon_core.package_discovery:Crawling recursively for packages in '/home/workspace'
[0.505s] Level 1:colcon.colcon_core.package_identification:_identify(.) by extensions ['ignore', 'ignore_ament_install']
[0.505s] Level 1:colcon.colcon_core.package_identification:_identify(.) by extension 'ignore'
[0.505s] Level 1:colcon.colcon_core.package_identification:_identify(.) by extension 'ignore_ament_install'
[0.506s] Level 1:colcon.colcon_core.package_identification:_identify(.) by extensions ['colcon_pkg']
[0.506s] Level 1:colcon.colcon_core.package_identification:_identify(.) by extension 'colcon_pkg'
[0.507s] Level 1:colcon.colcon_core.package_identification:_identify(.) by extensions ['colcon_meta']
[0.507s] Level 1:colcon.colcon_core.package_identification:_identify(.) by extension 'colcon_meta'
[0.507s] Level 1:colcon.colcon_core.package_identification:_identify(.) by extensions ['ros']
[0.507s] Level 1:colcon.colcon_core.package_identification:_identify(.) by extension 'ros'
[0.533s] DEBUG:colcon.colcon_core.package_identification:Package '.' with type 'ros.ament_cmake' and name 'offboard_control'
[0.533s] Level 1:colcon.colcon_core.package_discovery:discover_packages(recursive) using defaults
[0.533s] Level 1:colcon.colcon_core.package_discovery:discover_packages(ignore) discover
[0.533s] Level 1:colcon.colcon_core.package_discovery:discover_packages(ignore) using defaults
[0.533s] Level 1:colcon.colcon_core.package_discovery:discover_packages(path) discover
[0.534s] Level 1:colcon.colcon_core.package_discovery:discover_packages(path) using defaults
[0.558s] Level 5:colcon.colcon_core.verb:set package 'offboard_control' build argument 'cmake_args' from command line to 'None'
[0.558s] Level 5:colcon.colcon_core.verb:set package 'offboard_control' build argument 'cmake_target' from command line to 'None'
[0.558s] Level 5:colcon.colcon_core.verb:set package 'offboard_control' build argument 'cmake_target_skip_unavailable' from command line to 'False'
[0.558s] Level 5:colcon.colcon_core.verb:set package 'offboard_control' build argument 'cmake_clean_cache' from command line to 'False'
[0.558s] Level 5:colcon.colcon_core.verb:set package 'offboard_control' build argument 'cmake_clean_first' from command line to 'False'
[0.558s] Level 5:colcon.colcon_core.verb:set package 'offboard_control' build argument 'cmake_force_configure' from command line to 'False'
[0.558s] Level 5:colcon.colcon_core.verb:set package 'offboard_control' build argument 'ament_cmake_args' from command line to 'None'
[0.558s] Level 5:colcon.colcon_core.verb:set package 'offboard_control' build argument 'catkin_cmake_args' from command line to 'None'
[0.558s] Level 5:colcon.colcon_core.verb:set package 'offboard_control' build argument 'catkin_skip_building_tests' from command line to 'False'
[0.558s] DEBUG:colcon.colcon_core.verb:Building package 'offboard_control' with the following arguments: {'ament_cmake_args': None, 'build_base': '/home/workspace/build/offboard_control', 'catkin_cmake_args': None, 'catkin_skip_building_tests': False, 'cmake_args': None, 'cmake_clean_cache': False, 'cmake_clean_first': False, 'cmake_force_configure': False, 'cmake_target': None, 'cmake_target_skip_unavailable': False, 'install_base': '/home/workspace/install/offboard_control', 'merge_install': False, 'path': '/home/workspace', 'symlink_install': False, 'test_result_base': None}
[0.559s] INFO:colcon.colcon_core.executor:Executing jobs using 'parallel' executor
[0.562s] DEBUG:colcon.colcon_parallel_executor.executor.parallel:run_until_complete
[0.563s] INFO:colcon.colcon_ros.task.ament_cmake.build:Building ROS package in '/home/workspace' with build type 'ament_cmake'
[0.563s] INFO:colcon.colcon_cmake.task.cmake.build:Building CMake package in '/home/workspace'
[0.569s] INFO:colcon.colcon_core.plugin_system:Skipping extension 'colcon_core.shell.bat': Not used on non-Windows systems
[0.569s] INFO:colcon.colcon_core.shell:Skip shell extension 'powershell' for command environment: Not usable outside of PowerShell
[0.569s] DEBUG:colcon.colcon_core.shell:Skip shell extension 'dsv' for command environment
[0.715s] DEBUG:colcon.colcon_core.event_handler.log_command:Invoking command in '/home/workspace/build/offboard_control': CMAKE_PREFIX_PATH=/opt/ros/humble /usr/bin/cmake /home/workspace -DCMAKE_INSTALL_PREFIX=/home/workspace/install/offboard_control
[6.550s] DEBUG:colcon.colcon_core.event_handler.log_command:Invoked command in '/home/workspace/build/offboard_control' returned '0': CMAKE_PREFIX_PATH=/opt/ros/humble /usr/bin/cmake /home/workspace -DCMAKE_INSTALL_PREFIX=/home/workspace/install/offboard_control
[6.557s] DEBUG:colcon.colcon_core.event_handler.log_command:Invoking command in '/home/workspace/build/offboard_control': CMAKE_PREFIX_PATH=/opt/ros/humble /usr/bin/cmake --build /home/workspace/build/offboard_control -- -j8 -l8
[14.953s] DEBUG:colcon.colcon_core.event_handler.log_command:Invoked command in '/home/workspace/build/offboard_control' returned '0': CMAKE_PREFIX_PATH=/opt/ros/humble /usr/bin/cmake --build /home/workspace/build/offboard_control -- -j8 -l8
[15.000s] DEBUG:colcon.colcon_core.event_handler.log_command:Invoking command in '/home/workspace/build/offboard_control': CMAKE_PREFIX_PATH=/opt/ros/humble /usr/bin/cmake --install /home/workspace/build/offboard_control
[15.329s] Level 1:colcon.colcon_core.environment:create_environment_scripts_only(offboard_control)
[15.333s] DEBUG:colcon.colcon_core.event_handler.log_command:Invoked command in '/home/workspace/build/offboard_control' returned '0': CMAKE_PREFIX_PATH=/opt/ros/humble /usr/bin/cmake --install /home/workspace/build/offboard_control
[15.338s] Level 1:colcon.colcon_core.environment:checking '/home/workspace/install/offboard_control' for CMake module files
[15.341s] ERROR:colcon.colcon_core.environment:Exception in environment extension 'cmake_module_path': [Errno 1] Operation not permitted: '/home/workspace/install/offboard_control/lib/offboard_control/._dummy_yaw_publisher'
Traceback (most recent call last):
  File "/usr/lib/python3/dist-packages/colcon_core/environment/__init__.py", line 193, in create_environment_hooks
    hooks = extension.create_environment_hooks(prefix_path, pkg_name)
  File "/usr/lib/python3/dist-packages/colcon_cmake/environment/cmake_module_path.py", line 34, in create_environment_hooks
    if not filename.is_file():
  File "/usr/lib/python3.10/pathlib.py", line 1322, in is_file
    return S_ISREG(self.stat().st_mode)
  File "/usr/lib/python3.10/pathlib.py", line 1097, in stat
    return self._accessor.stat(self, follow_symlinks=follow_symlinks)
PermissionError: [Errno 1] Operation not permitted: '/home/workspace/install/offboard_control/lib/offboard_control/._dummy_yaw_publisher'

[15.341s] Level 1:colcon.colcon_core.environment:checking '/home/workspace/install/offboard_control' for CMake config files
[15.344s] Level 1:colcon.colcon_core.shell:create_environment_hook('offboard_control', 'cmake_prefix_path')
[15.344s] INFO:colcon.colcon_core.shell:Creating environment hook '/home/workspace/install/offboard_control/share/offboard_control/hook/cmake_prefix_path.ps1'
[15.355s] INFO:colcon.colcon_core.shell:Creating environment descriptor '/home/workspace/install/offboard_control/share/offboard_control/hook/cmake_prefix_path.dsv'
[15.357s] INFO:colcon.colcon_core.shell:Creating environment hook '/home/workspace/install/offboard_control/share/offboard_control/hook/cmake_prefix_path.sh'
[15.359s] Level 1:colcon.colcon_core.environment:checking '/home/workspace/install/offboard_control/lib'
[15.359s] Level 1:colcon.colcon_core.environment:checking '/home/workspace/install/offboard_control/bin'
[15.360s] Level 1:colcon.colcon_core.environment:checking '/home/workspace/install/offboard_control/lib/pkgconfig/offboard_control.pc'
[15.361s] Level 1:colcon.colcon_core.environment:checking '/home/workspace/install/offboard_control/lib/python3.10/site-packages'
[15.361s] Level 1:colcon.colcon_core.environment:checking '/home/workspace/install/offboard_control/bin'
[15.362s] INFO:colcon.colcon_core.shell:Creating package script '/home/workspace/install/offboard_control/share/offboard_control/package.ps1'
[15.363s] INFO:colcon.colcon_core.shell:Creating package descriptor '/home/workspace/install/offboard_control/share/offboard_control/package.dsv'
[15.365s] INFO:colcon.colcon_core.shell:Creating package script '/home/workspace/install/offboard_control/share/offboard_control/package.sh'
[15.366s] INFO:colcon.colcon_core.shell:Creating package script '/home/workspace/install/offboard_control/share/offboard_control/package.bash'
[15.368s] INFO:colcon.colcon_core.shell:Creating package script '/home/workspace/install/offboard_control/share/offboard_control/package.zsh'
[15.370s] Level 1:colcon.colcon_core.environment:create_file_with_runtime_dependencies(/home/workspace/install/offboard_control/share/colcon-core/packages/offboard_control)
[15.389s] Level 1:colcon.colcon_core.environment:create_environment_scripts_only(offboard_control)
[15.389s] Level 1:colcon.colcon_core.environment:checking '/home/workspace/install/offboard_control' for CMake module files
[15.390s] ERROR:colcon.colcon_core.environment:Exception in environment extension 'cmake_module_path': [Errno 1] Operation not permitted: '/home/workspace/install/offboard_control/lib/offboard_control/._dummy_yaw_publisher'
Traceback (most recent call last):
  File "/usr/lib/python3/dist-packages/colcon_core/environment/__init__.py", line 193, in create_environment_hooks
    hooks = extension.create_environment_hooks(prefix_path, pkg_name)
  File "/usr/lib/python3/dist-packages/colcon_cmake/environment/cmake_module_path.py", line 34, in create_environment_hooks
    if not filename.is_file():
  File "/usr/lib/python3.10/pathlib.py", line 1322, in is_file
    return S_ISREG(self.stat().st_mode)
  File "/usr/lib/python3.10/pathlib.py", line 1097, in stat
    return self._accessor.stat(self, follow_symlinks=follow_symlinks)
PermissionError: [Errno 1] Operation not permitted: '/home/workspace/install/offboard_control/lib/offboard_control/._dummy_yaw_publisher'

[15.390s] Level 1:colcon.colcon_core.environment:checking '/home/workspace/install/offboard_control' for CMake config files
[15.393s] Level 1:colcon.colcon_core.shell:create_environment_hook('offboard_control', 'cmake_prefix_path')
[15.393s] INFO:colcon.colcon_core.shell:Creating environment hook '/home/workspace/install/offboard_control/share/offboard_control/hook/cmake_prefix_path.ps1'
[15.396s] INFO:colcon.colcon_core.shell:Creating environment descriptor '/home/workspace/install/offboard_control/share/offboard_control/hook/cmake_prefix_path.dsv'
[15.398s] INFO:colcon.colcon_core.shell:Creating environment hook '/home/workspace/install/offboard_control/share/offboard_control/hook/cmake_prefix_path.sh'
[15.400s] Level 1:colcon.colcon_core.environment:checking '/home/workspace/install/offboard_control/lib'
[15.400s] Level 1:colcon.colcon_core.environment:checking '/home/workspace/install/offboard_control/bin'
[15.400s] Level 1:colcon.colcon_core.environment:checking '/home/workspace/install/offboard_control/lib/pkgconfig/offboard_control.pc'
[15.400s] Level 1:colcon.colcon_core.environment:checking '/home/workspace/install/offboard_control/lib/python3.10/site-packages'
[15.401s] Level 1:colcon.colcon_core.environment:checking '/home/workspace/install/offboard_control/bin'
[15.401s] INFO:colcon.colcon_core.shell:Creating package script '/home/workspace/install/offboard_control/share/offboard_control/package.ps1'
[15.406s] INFO:colcon.colcon_core.shell:Creating package descriptor '/home/workspace/install/offboard_control/share/offboard_control/package.dsv'
[15.408s] INFO:colcon.colcon_core.shell:Creating package script '/home/workspace/install/offboard_control/share/offboard_control/package.sh'
[15.410s] INFO:colcon.colcon_core.shell:Creating package script '/home/workspace/install/offboard_control/share/offboard_control/package.bash'
[15.411s] INFO:colcon.colcon_core.shell:Creating package script '/home/workspace/install/offboard_control/share/offboard_control/package.zsh'
[15.412s] Level 1:colcon.colcon_core.environment:create_file_with_runtime_dependencies(/home/workspace/install/offboard_control/share/colcon-core/packages/offboard_control)
[15.413s] DEBUG:colcon.colcon_parallel_executor.executor.parallel:closing loop
[15.414s] DEBUG:colcon.colcon_parallel_executor.executor.parallel:loop closed
[15.414s] DEBUG:colcon.colcon_parallel_executor.executor.parallel:run_until_complete finished with '0'
[15.414s] DEBUG:colcon.colcon_core.event_reactor:joining thread
[15.429s] INFO:colcon.colcon_core.plugin_system:Skipping extension 'colcon_notification.desktop_notification.notify_send': Could not find 'notify-send'
[15.429s] INFO:colcon.colcon_core.plugin_system:Skipping extension 'colcon_notification.desktop_notification.terminal_notifier': Not used on non-Darwin systems
[15.429s] INFO:colcon.colcon_core.plugin_system:Skipping extension 'colcon_notification.desktop_notification.win32': Not used on non-Windows systems
[15.429s] INFO:colcon.colcon_notification.desktop_notification:Sending desktop notification using 'notify2'
[15.434s] DEBUG:colcon.colcon_notification.desktop_notification.notify2:Failed to initialize notify2: org.freedesktop.DBus.Error.Spawn.ExecFailed: /usr/bin/dbus-launch terminated abnormally without any error message
[15.435s] DEBUG:colcon.colcon_core.event_reactor:joined thread
[15.435s] INFO:colcon.colcon_core.shell:Creating prefix script '/home/workspace/install/local_setup.ps1'
[15.437s] INFO:colcon.colcon_core.shell:Creating prefix util module '/home/workspace/install/_local_setup_util_ps1.py'
[15.440s] INFO:colcon.colcon_core.shell:Creating prefix chain script '/home/workspace/install/setup.ps1'
[15.442s] INFO:colcon.colcon_core.shell:Creating prefix script '/home/workspace/install/local_setup.sh'
[15.444s] INFO:colcon.colcon_core.shell:Creating prefix util module '/home/workspace/install/_local_setup_util_sh.py'
[15.445s] INFO:colcon.colcon_core.shell:Creating prefix chain script '/home/workspace/install/setup.sh'
[15.446s] INFO:colcon.colcon_core.shell:Creating prefix script '/home/workspace/install/local_setup.bash'
[15.448s] INFO:colcon.colcon_core.shell:Creating prefix chain script '/home/workspace/install/setup.bash'
[15.449s] INFO:colcon.colcon_core.shell:Creating prefix script '/home/workspace/install/local_setup.zsh'
[15.450s] INFO:colcon.colcon_core.shell:Creating prefix chain script '/home/workspace/install/setup.zsh'
