[0.149s] DEBUG:colcon:Command line arguments: ['/usr/bin/colcon', 'build']
[0.150s] DEBUG:colcon:Parsed command line arguments: Namespace(log_base=None, log_level=None, verb_name='build', build_base='build', install_base='install', merge_install=False, symlink_install=False, test_result_base=None, continue_on_error=False, executor='parallel', parallel_workers=8, event_handlers=None, ignore_user_meta=False, metas=['./colcon.meta'], base_paths=['.'], packages_ignore=None, packages_ignore_regex=None, paths=None, packages_up_to=None, packages_up_to_regex=None, packages_above=None, packages_above_and_dependencies=None, packages_above_depth=None, packages_select_by_dep=None, packages_skip_by_dep=None, packages_skip_up_to=None, packages_select_build_failed=False, packages_skip_build_finished=False, packages_select_test_failures=False, packages_skip_test_passed=False, packages_select=None, packages_skip=None, packages_select_regex=None, packages_skip_regex=None, packages_start=None, packages_end=None, cmake_args=None, cmake_target=None, cmake_target_skip_unavailable=False, cmake_clean_cache=False, cmake_clean_first=False, cmake_force_configure=False, ament_cmake_args=None, catkin_cmake_args=None, catkin_skip_building_tests=False, mixin_files=None, mixin=None, verb_parser=<colcon_mixin.mixin.mixin_argument.MixinArgumentDecorator object at 0x7ffffe2030a0>, verb_extension=<colcon_core.verb.build.BuildVerb object at 0x7ffffe3b4070>, main=<bound method BuildVerb.main of <colcon_core.verb.build.BuildVerb object at 0x7ffffe3b4070>>, mixin_verb=('build',))
[0.276s] Level 1:colcon.colcon_core.package_discovery:discover_packages(colcon_meta) check parameters
[0.276s] INFO:colcon.colcon_metadata.package_discovery.colcon_meta:Using configuration from '/root/.colcon/metadata/default/Gazebo.meta'
[0.277s] INFO:colcon.colcon_metadata.package_discovery.colcon_meta:Using configuration from '/root/.colcon/metadata/default/fastdds.meta'
[0.277s] INFO:colcon.colcon_metadata.package_discovery.colcon_meta:Using configuration from '/root/.colcon/metadata/default/fastrtps.meta'
[0.278s] Level 1:colcon.colcon_core.package_discovery:discover_packages(recursive) check parameters
[0.278s] Level 1:colcon.colcon_core.package_discovery:discover_packages(ignore) check parameters
[0.278s] Level 1:colcon.colcon_core.package_discovery:discover_packages(path) check parameters
[0.278s] Level 1:colcon.colcon_core.package_discovery:discover_packages(colcon_meta) discover
[0.278s] Level 1:colcon.colcon_core.package_discovery:discover_packages(recursive) discover
[0.278s] INFO:colcon.colcon_core.package_discovery:Crawling recursively for packages in '/home/workspace'
[0.279s] Level 1:colcon.colcon_core.package_identification:_identify(.) by extensions ['ignore', 'ignore_ament_install']
[0.279s] Level 1:colcon.colcon_core.package_identification:_identify(.) by extension 'ignore'
[0.280s] Level 1:colcon.colcon_core.package_identification:_identify(.) by extension 'ignore_ament_install'
[0.281s] Level 1:colcon.colcon_core.package_identification:_identify(.) by extensions ['colcon_pkg']
[0.281s] Level 1:colcon.colcon_core.package_identification:_identify(.) by extension 'colcon_pkg'
[0.281s] Level 1:colcon.colcon_core.package_identification:_identify(.) by extensions ['colcon_meta']
[0.281s] Level 1:colcon.colcon_core.package_identification:_identify(.) by extension 'colcon_meta'
[0.281s] Level 1:colcon.colcon_core.package_identification:_identify(.) by extensions ['ros']
[0.281s] Level 1:colcon.colcon_core.package_identification:_identify(.) by extension 'ros'
[0.299s] DEBUG:colcon.colcon_core.package_identification:Package '.' with type 'ros.ament_cmake' and name 'offboard_control'
[0.299s] Level 1:colcon.colcon_core.package_discovery:discover_packages(recursive) using defaults
[0.299s] Level 1:colcon.colcon_core.package_discovery:discover_packages(ignore) discover
[0.299s] Level 1:colcon.colcon_core.package_discovery:discover_packages(ignore) using defaults
[0.299s] Level 1:colcon.colcon_core.package_discovery:discover_packages(path) discover
[0.299s] Level 1:colcon.colcon_core.package_discovery:discover_packages(path) using defaults
[0.314s] Level 5:colcon.colcon_core.verb:set package 'offboard_control' build argument 'cmake_args' from command line to 'None'
[0.314s] Level 5:colcon.colcon_core.verb:set package 'offboard_control' build argument 'cmake_target' from command line to 'None'
[0.314s] Level 5:colcon.colcon_core.verb:set package 'offboard_control' build argument 'cmake_target_skip_unavailable' from command line to 'False'
[0.314s] Level 5:colcon.colcon_core.verb:set package 'offboard_control' build argument 'cmake_clean_cache' from command line to 'False'
[0.314s] Level 5:colcon.colcon_core.verb:set package 'offboard_control' build argument 'cmake_clean_first' from command line to 'False'
[0.314s] Level 5:colcon.colcon_core.verb:set package 'offboard_control' build argument 'cmake_force_configure' from command line to 'False'
[0.314s] Level 5:colcon.colcon_core.verb:set package 'offboard_control' build argument 'ament_cmake_args' from command line to 'None'
[0.314s] Level 5:colcon.colcon_core.verb:set package 'offboard_control' build argument 'catkin_cmake_args' from command line to 'None'
[0.314s] Level 5:colcon.colcon_core.verb:set package 'offboard_control' build argument 'catkin_skip_building_tests' from command line to 'False'
[0.314s] DEBUG:colcon.colcon_core.verb:Building package 'offboard_control' with the following arguments: {'ament_cmake_args': None, 'build_base': '/home/workspace/build/offboard_control', 'catkin_cmake_args': None, 'catkin_skip_building_tests': False, 'cmake_args': None, 'cmake_clean_cache': False, 'cmake_clean_first': False, 'cmake_force_configure': False, 'cmake_target': None, 'cmake_target_skip_unavailable': False, 'install_base': '/home/workspace/install/offboard_control', 'merge_install': False, 'path': '/home/workspace', 'symlink_install': False, 'test_result_base': None}
[0.315s] INFO:colcon.colcon_core.executor:Executing jobs using 'parallel' executor
[0.318s] DEBUG:colcon.colcon_parallel_executor.executor.parallel:run_until_complete
[0.318s] INFO:colcon.colcon_ros.task.ament_cmake.build:Building ROS package in '/home/workspace' with build type 'ament_cmake'
[0.319s] INFO:colcon.colcon_cmake.task.cmake.build:Building CMake package in '/home/workspace'
[0.320s] INFO:colcon.colcon_core.plugin_system:Skipping extension 'colcon_core.shell.bat': Not used on non-Windows systems
[0.320s] INFO:colcon.colcon_core.shell:Skip shell extension 'powershell' for command environment: Not usable outside of PowerShell
[0.321s] DEBUG:colcon.colcon_core.shell:Skip shell extension 'dsv' for command environment
[0.470s] DEBUG:colcon.colcon_core.event_handler.log_command:Invoking command in '/home/workspace/build/offboard_control': CMAKE_PREFIX_PATH=/opt/ros/humble /usr/bin/cmake /home/workspace -DCMAKE_INSTALL_PREFIX=/home/workspace/install/offboard_control
[5.666s] DEBUG:colcon.colcon_core.event_handler.log_command:Invoked command in '/home/workspace/build/offboard_control' returned '0': CMAKE_PREFIX_PATH=/opt/ros/humble /usr/bin/cmake /home/workspace -DCMAKE_INSTALL_PREFIX=/home/workspace/install/offboard_control
[5.670s] DEBUG:colcon.colcon_core.event_handler.log_command:Invoking command in '/home/workspace/build/offboard_control': CMAKE_PREFIX_PATH=/opt/ros/humble /usr/bin/cmake --build /home/workspace/build/offboard_control -- -j8 -l8
[14.180s] DEBUG:colcon.colcon_core.event_handler.log_command:Invoked command in '/home/workspace/build/offboard_control' returned '0': CMAKE_PREFIX_PATH=/opt/ros/humble /usr/bin/cmake --build /home/workspace/build/offboard_control -- -j8 -l8
[14.229s] DEBUG:colcon.colcon_core.event_handler.log_command:Invoking command in '/home/workspace/build/offboard_control': CMAKE_PREFIX_PATH=/opt/ros/humble /usr/bin/cmake --install /home/workspace/build/offboard_control
[14.567s] Level 1:colcon.colcon_core.environment:create_environment_scripts_only(offboard_control)
[14.570s] Level 1:colcon.colcon_core.environment:checking '/home/workspace/install/offboard_control' for CMake module files
[14.570s] DEBUG:colcon.colcon_core.event_handler.log_command:Invoked command in '/home/workspace/build/offboard_control' returned '0': CMAKE_PREFIX_PATH=/opt/ros/humble /usr/bin/cmake --install /home/workspace/build/offboard_control
[14.573s] ERROR:colcon.colcon_core.environment:Exception in environment extension 'cmake_module_path': [Errno 1] Operation not permitted: '/home/workspace/install/offboard_control/lib/offboard_control/._dummy_yaw_publisher'
Traceback (most recent call last):
  File "/usr/lib/python3/dist-packages/colcon_core/environment/__init__.py", line 193, in create_environment_hooks
    hooks = extension.create_environment_hooks(prefix_path, pkg_name)
  File "/usr/lib/python3/dist-packages/colcon_cmake/environment/cmake_module_path.py", line 34, in create_environment_hooks
    if not filename.is_file():
  File "/usr/lib/python3.10/pathlib.py", line 1322, in is_file
    return S_ISREG(self.stat().st_mode)
  File "/usr/lib/python3.10/pathlib.py", line 1097, in stat
    return self._accessor.stat(self, follow_symlinks=follow_symlinks)
PermissionError: [Errno 1] Operation not permitted: '/home/workspace/install/offboard_control/lib/offboard_control/._dummy_yaw_publisher'

[14.573s] Level 1:colcon.colcon_core.environment:checking '/home/workspace/install/offboard_control' for CMake config files
[14.576s] Level 1:colcon.colcon_core.shell:create_environment_hook('offboard_control', 'cmake_prefix_path')
[14.576s] INFO:colcon.colcon_core.shell:Creating environment hook '/home/workspace/install/offboard_control/share/offboard_control/hook/cmake_prefix_path.ps1'
[14.587s] INFO:colcon.colcon_core.shell:Creating environment descriptor '/home/workspace/install/offboard_control/share/offboard_control/hook/cmake_prefix_path.dsv'
[14.589s] INFO:colcon.colcon_core.shell:Creating environment hook '/home/workspace/install/offboard_control/share/offboard_control/hook/cmake_prefix_path.sh'
[14.591s] Level 1:colcon.colcon_core.environment:checking '/home/workspace/install/offboard_control/lib'
[14.591s] Level 1:colcon.colcon_core.environment:checking '/home/workspace/install/offboard_control/bin'
[14.591s] Level 1:colcon.colcon_core.environment:checking '/home/workspace/install/offboard_control/lib/pkgconfig/offboard_control.pc'
[14.593s] Level 1:colcon.colcon_core.environment:checking '/home/workspace/install/offboard_control/lib/python3.10/site-packages'
[14.593s] Level 1:colcon.colcon_core.environment:checking '/home/workspace/install/offboard_control/bin'
[14.594s] INFO:colcon.colcon_core.shell:Creating package script '/home/workspace/install/offboard_control/share/offboard_control/package.ps1'
[14.595s] INFO:colcon.colcon_core.shell:Creating package descriptor '/home/workspace/install/offboard_control/share/offboard_control/package.dsv'
[14.596s] INFO:colcon.colcon_core.shell:Creating package script '/home/workspace/install/offboard_control/share/offboard_control/package.sh'
[14.598s] INFO:colcon.colcon_core.shell:Creating package script '/home/workspace/install/offboard_control/share/offboard_control/package.bash'
[14.599s] INFO:colcon.colcon_core.shell:Creating package script '/home/workspace/install/offboard_control/share/offboard_control/package.zsh'
[14.600s] Level 1:colcon.colcon_core.environment:create_file_with_runtime_dependencies(/home/workspace/install/offboard_control/share/colcon-core/packages/offboard_control)
[14.619s] Level 1:colcon.colcon_core.environment:create_environment_scripts_only(offboard_control)
[14.619s] Level 1:colcon.colcon_core.environment:checking '/home/workspace/install/offboard_control' for CMake module files
[14.620s] ERROR:colcon.colcon_core.environment:Exception in environment extension 'cmake_module_path': [Errno 1] Operation not permitted: '/home/workspace/install/offboard_control/lib/offboard_control/._dummy_yaw_publisher'
Traceback (most recent call last):
  File "/usr/lib/python3/dist-packages/colcon_core/environment/__init__.py", line 193, in create_environment_hooks
    hooks = extension.create_environment_hooks(prefix_path, pkg_name)
  File "/usr/lib/python3/dist-packages/colcon_cmake/environment/cmake_module_path.py", line 34, in create_environment_hooks
    if not filename.is_file():
  File "/usr/lib/python3.10/pathlib.py", line 1322, in is_file
    return S_ISREG(self.stat().st_mode)
  File "/usr/lib/python3.10/pathlib.py", line 1097, in stat
    return self._accessor.stat(self, follow_symlinks=follow_symlinks)
PermissionError: [Errno 1] Operation not permitted: '/home/workspace/install/offboard_control/lib/offboard_control/._dummy_yaw_publisher'

[14.620s] Level 1:colcon.colcon_core.environment:checking '/home/workspace/install/offboard_control' for CMake config files
[14.622s] Level 1:colcon.colcon_core.shell:create_environment_hook('offboard_control', 'cmake_prefix_path')
[14.623s] INFO:colcon.colcon_core.shell:Creating environment hook '/home/workspace/install/offboard_control/share/offboard_control/hook/cmake_prefix_path.ps1'
[14.624s] INFO:colcon.colcon_core.shell:Creating environment descriptor '/home/workspace/install/offboard_control/share/offboard_control/hook/cmake_prefix_path.dsv'
[14.624s] INFO:colcon.colcon_core.shell:Creating environment hook '/home/workspace/install/offboard_control/share/offboard_control/hook/cmake_prefix_path.sh'
[14.625s] Level 1:colcon.colcon_core.environment:checking '/home/workspace/install/offboard_control/lib'
[14.626s] Level 1:colcon.colcon_core.environment:checking '/home/workspace/install/offboard_control/bin'
[14.626s] Level 1:colcon.colcon_core.environment:checking '/home/workspace/install/offboard_control/lib/pkgconfig/offboard_control.pc'
[14.626s] Level 1:colcon.colcon_core.environment:checking '/home/workspace/install/offboard_control/lib/python3.10/site-packages'
[14.626s] Level 1:colcon.colcon_core.environment:checking '/home/workspace/install/offboard_control/bin'
[14.627s] INFO:colcon.colcon_core.shell:Creating package script '/home/workspace/install/offboard_control/share/offboard_control/package.ps1'
[14.627s] INFO:colcon.colcon_core.shell:Creating package descriptor '/home/workspace/install/offboard_control/share/offboard_control/package.dsv'
[14.628s] INFO:colcon.colcon_core.shell:Creating package script '/home/workspace/install/offboard_control/share/offboard_control/package.sh'
[14.629s] INFO:colcon.colcon_core.shell:Creating package script '/home/workspace/install/offboard_control/share/offboard_control/package.bash'
[14.630s] INFO:colcon.colcon_core.shell:Creating package script '/home/workspace/install/offboard_control/share/offboard_control/package.zsh'
[14.630s] Level 1:colcon.colcon_core.environment:create_file_with_runtime_dependencies(/home/workspace/install/offboard_control/share/colcon-core/packages/offboard_control)
[14.631s] DEBUG:colcon.colcon_parallel_executor.executor.parallel:closing loop
[14.632s] DEBUG:colcon.colcon_parallel_executor.executor.parallel:loop closed
[14.632s] DEBUG:colcon.colcon_parallel_executor.executor.parallel:run_until_complete finished with '0'
[14.632s] DEBUG:colcon.colcon_core.event_reactor:joining thread
[14.641s] INFO:colcon.colcon_core.plugin_system:Skipping extension 'colcon_notification.desktop_notification.notify_send': Could not find 'notify-send'
[14.641s] INFO:colcon.colcon_core.plugin_system:Skipping extension 'colcon_notification.desktop_notification.terminal_notifier': Not used on non-Darwin systems
[14.641s] INFO:colcon.colcon_core.plugin_system:Skipping extension 'colcon_notification.desktop_notification.win32': Not used on non-Windows systems
[14.641s] INFO:colcon.colcon_notification.desktop_notification:Sending desktop notification using 'notify2'
[14.645s] DEBUG:colcon.colcon_notification.desktop_notification.notify2:Failed to initialize notify2: org.freedesktop.DBus.Error.Spawn.ExecFailed: /usr/bin/dbus-launch terminated abnormally without any error message
[14.646s] DEBUG:colcon.colcon_core.event_reactor:joined thread
[14.646s] INFO:colcon.colcon_core.shell:Creating prefix script '/home/workspace/install/local_setup.ps1'
[14.648s] INFO:colcon.colcon_core.shell:Creating prefix util module '/home/workspace/install/_local_setup_util_ps1.py'
[14.650s] INFO:colcon.colcon_core.shell:Creating prefix chain script '/home/workspace/install/setup.ps1'
[14.652s] INFO:colcon.colcon_core.shell:Creating prefix script '/home/workspace/install/local_setup.sh'
[14.653s] INFO:colcon.colcon_core.shell:Creating prefix util module '/home/workspace/install/_local_setup_util_sh.py'
[14.654s] INFO:colcon.colcon_core.shell:Creating prefix chain script '/home/workspace/install/setup.sh'
[14.655s] INFO:colcon.colcon_core.shell:Creating prefix script '/home/workspace/install/local_setup.bash'
[14.656s] INFO:colcon.colcon_core.shell:Creating prefix chain script '/home/workspace/install/setup.bash'
[14.658s] INFO:colcon.colcon_core.shell:Creating prefix script '/home/workspace/install/local_setup.zsh'
[14.659s] INFO:colcon.colcon_core.shell:Creating prefix chain script '/home/workspace/install/setup.zsh'
